<?xml version="1.0" encoding="UTF-8"?>
<testsuites name="jest tests" tests="2" failures="0" errors="0" time="1.835">
  <testsuite name="&lt;Button&gt;" errors="0" failures="0" skipped="0" timestamp="2021-09-18T02:58:35" time="1.122" tests="1">
    <testcase classname="&lt;Button&gt; should be the worst test ever" name="&lt;Button&gt; should be the worst test ever" time="0.048" file="components/button/button.test.tsx">
    </testcase>
  </testsuite>
  <testsuite name="&lt;Avatar&gt;" errors="0" failures="0" skipped="0" timestamp="2021-09-18T02:58:35" time="1.134" tests="1">
    <testcase classname="&lt;Avatar&gt; should be the worst test ever" name="&lt;Avatar&gt; should be the worst test ever" time="0.052" file="components/avatar/avatar.test.tsx">
    </testcase>
  </testsuite>
</testsuites>