<?xml version="1.0"?>
<testsuites failures="0" errors="0" tests="2">
  <testsuite name="`&lt;Avatar&gt;` — _components/avatar/avatar.test.tsx_" errors="0" failures="0" skipped="0" timestamp="2021-09-28T05:02:13" time="1.731" tests="1">
    <testcase classname="&lt;Avatar&gt; should be the worst test ever" name="&lt;Avatar&gt; should be the worst test ever" time="0.083" file="components/avatar/avatar.test.tsx"/>
  </testsuite>
  <testsuite name="`&lt;Button&gt;` — _components/button/button.test.tsx_" errors="0" failures="0" skipped="0" timestamp="2021-09-28T05:02:14" time="0.5" tests="1">
    <testcase classname="&lt;Button&gt; should be the worst test ever" name="&lt;Button&gt; should be the worst test ever" time="0.048" file="components/button/button.test.tsx"/>
  </testsuite>
</testsuites>